c:\hello\dx11tut12\engine\engine\debug\vc140.pdb
c:\hello\dx11tut12\engine\engine\debug\vc140.idb
c:\hello\dx11tut12\engine\engine\debug\inputclass.obj
c:\hello\dx11tut12\engine\engine\debug\cameraclass.obj
c:\hello\dx11tut12\engine\engine\debug\d3dclass.obj
c:\hello\dx11tut12\engine\engine\debug\fontclass.obj
c:\hello\dx11tut12\engine\engine\debug\fontshaderclass.obj
c:\hello\dx11tut12\engine\engine\debug\graphicsclass.obj
c:\hello\dx11tut12\engine\engine\debug\main.obj
c:\hello\dx11tut12\engine\engine\debug\systemclass.obj
c:\hello\dx11tut12\engine\engine\debug\textclass.obj
c:\hello\dx11tut12\engine\engine\debug\textureclass.obj
c:\hello\dx11tut12\engine\engine\debug\engine.exe.embed.manifest
c:\hello\dx11tut12\engine\engine\debug\engine.exe.intermediate.manifest
c:\hello\dx11tut12\engine\engine\debug\engine.exe.embed.manifest.res
c:\hello\dx11tut12\engine\engine\debug\vc90.idb
c:\hello\dx11tut12\engine\engine\debug\vc90.pdb
c:\hello\dx11tut12\engine\debug\engine.pdb
c:\hello\dx11tut12\engine\engine\debug\engine.tlog\cl.command.1.tlog
c:\hello\dx11tut12\engine\engine\debug\engine.tlog\cl.read.1.tlog
c:\hello\dx11tut12\engine\engine\debug\engine.tlog\cl.write.1.tlog
c:\hello\dx11tut12\engine\engine\debug\engine.tlog\link-cvtres.read.1.tlog
c:\hello\dx11tut12\engine\engine\debug\engine.tlog\link-cvtres.write.1.tlog
c:\hello\dx11tut12\engine\engine\debug\engine.tlog\link-rc.read.1.tlog
c:\hello\dx11tut12\engine\engine\debug\engine.tlog\link-rc.write.1.tlog
c:\hello\dx11tut12\engine\engine\debug\engine.tlog\link.command.1.tlog
c:\hello\dx11tut12\engine\engine\debug\engine.tlog\link.read.1.tlog
c:\hello\dx11tut12\engine\engine\debug\engine.tlog\link.write.1.tlog
